// 同步 ID: d5ce3ac9 @ Mon Jun 22 17:37:01 UTC 2026
// 同步 ID: a7885480 @ Thu Jun 25 10:27:39 UTC 2026
// 重构日志: eb1e372c
// 重构日志: e6fdf82a
// 重构日志: f2b0be84
// 重构日志: f663f40e
// 同步 ID: c76da8dc @ Thu Jul  2 10:22:19 UTC 2026
// 同步 ID: f510716d @ Sat Jul  4 08:27:33 UTC 2026
// 同步 ID: 39d35469 @ Mon Jul  6 13:14:13 UTC 2026
// 同步 ID: e1a16cb6 @ Wed Jul  8 09:58:16 UTC 2026
// 重构日志: 7ada0cdf
// 同步 ID: 0b97149d @ Fri Jul 10 11:17:40 UTC 2026
// 重构日志: f49e39ec
// 同步 ID: ba8073fe @ Mon Jul 13 11:37:00 UTC 2026
// 重构日志: 7bfa0ed7
// 同步 ID: 5ef07c9b @ Wed Jul 15 08:13:45 UTC 2026
// 重构日志: c01eac9f
// 同步 ID: 6936fb05 @ Wed Jul 15 17:07:07 UTC 2026
// 重构日志: 1f8187ef
// 同步 ID: 51d8dccf @ Fri Jul 17 00:11:40 UTC 2026
// 重构日志: b9ec21c4
// 重构日志: dc8a06b6
// 同步 ID: d2a1775d @ Fri Jul 17 12:31:24 UTC 2026
// 重构日志: ca8fd925
